<?xml version="1.0" encoding="UTF-8"?>
<!-- Generated by org.testng.reporters.JUnitXMLReporter -->
<testsuite hostname="XIPLRAC037" ignored="0" name="Test" tests="6" failures="0" timestamp="01 Feb 2019 13:52:02 GMT" time="0.068" errors="0">
  <testcase name="APILogin" time="0.014" classname="QAFurguson.RestAPITest"/>
  <testcase name="APILogut" time="0.001" classname="QAFurguson.RestAPITest"/>
  <testcase name="mobileLogin" time="0.0" classname="QAFurguson.AppiumTest"/>
  <testcase name="mobileLogut" time="0.0" classname="QAFurguson.AppiumTest"/>
  <testcase name="webLogin" time="0.0" classname="QAFurguson.SeleniumTest"/>
  <testcase name="webLogut" time="0.001" classname="QAFurguson.SeleniumTest"/>
</testsuite> <!-- Test -->
