<?xml version="1.0" encoding="UTF-8"?>
<testng-results skipped="0" failed="0" ignored="0" total="6" passed="6">
  <reporter-output>
  </reporter-output>
  <suite name="Suite" duration-ms="68" started-at="2019-02-01T13:52:02Z" finished-at="2019-02-01T13:52:02Z">
    <groups>
    </groups>
    <test name="Test" duration-ms="68" started-at="2019-02-01T13:52:02Z" finished-at="2019-02-01T13:52:02Z">
      <class name="QAFurguson.RestAPITest">
        <test-method status="PASS" signature="APILogin()[pri:0, instance:QAFurguson.RestAPITest@13c78c0b]" name="APILogin" duration-ms="14" started-at="2019-02-01T13:52:02Z" finished-at="2019-02-01T13:52:02Z">
          <reporter-output>
          </reporter-output>
        </test-method> <!-- APILogin -->
        <test-method status="PASS" signature="APILogut()[pri:0, instance:QAFurguson.RestAPITest@13c78c0b]" name="APILogut" duration-ms="1" started-at="2019-02-01T13:52:02Z" finished-at="2019-02-01T13:52:02Z">
          <reporter-output>
          </reporter-output>
        </test-method> <!-- APILogut -->
      </class> <!-- QAFurguson.RestAPITest -->
      <class name="QAFurguson.AppiumTest">
        <test-method status="PASS" signature="mobileLogin()[pri:0, instance:QAFurguson.AppiumTest@12843fce]" name="mobileLogin" duration-ms="0" started-at="2019-02-01T13:52:02Z" finished-at="2019-02-01T13:52:02Z">
          <reporter-output>
          </reporter-output>
        </test-method> <!-- mobileLogin -->
        <test-method status="PASS" signature="mobileLogut()[pri:0, instance:QAFurguson.AppiumTest@12843fce]" name="mobileLogut" duration-ms="0" started-at="2019-02-01T13:52:02Z" finished-at="2019-02-01T13:52:02Z">
          <reporter-output>
          </reporter-output>
        </test-method> <!-- mobileLogut -->
      </class> <!-- QAFurguson.AppiumTest -->
      <class name="QAFurguson.SeleniumTest">
        <test-method status="PASS" signature="webLogin()[pri:0, instance:QAFurguson.SeleniumTest@3dd3bcd]" name="webLogin" duration-ms="0" started-at="2019-02-01T13:52:02Z" finished-at="2019-02-01T13:52:02Z">
          <reporter-output>
          </reporter-output>
        </test-method> <!-- webLogin -->
        <test-method status="PASS" signature="webLogut()[pri:0, instance:QAFurguson.SeleniumTest@3dd3bcd]" name="webLogut" duration-ms="1" started-at="2019-02-01T13:52:02Z" finished-at="2019-02-01T13:52:02Z">
          <reporter-output>
          </reporter-output>
        </test-method> <!-- webLogut -->
      </class> <!-- QAFurguson.SeleniumTest -->
    </test> <!-- Test -->
  </suite> <!-- Suite -->
</testng-results>
